This is pdfTeX, Version 3.14159265-2.6-1.40.16 (TeX Live 2015/Debian) (preloaded format=pdflatex 2017.9.19)  7 JUN 2018 10:39
entering extended mode
 restricted \write18 enabled.
 %&-line parsing enabled.
**rajatc_cv.tex

(/home/rajat/Documents/MS/Spring 2018/CSE 576/final_project/cse576-final-projec
t/final_report/rajatc_cv.tex
LaTeX2e <2016/02/01>
Babel <3.9q> and hyphenation patterns for 5 language(s) loaded.
(/usr/share/texlive/texmf-dist/tex/latex/base/article.cls
Document Class: article 2014/09/29 v1.4h Standard LaTeX document class
(/usr/share/texlive/texmf-dist/tex/latex/base/size10.clo
File: size10.clo 2014/09/29 v1.4h Standard LaTeX file (size option)
)
\c@part=\count79
\c@section=\count80
\c@subsection=\count81
\c@subsubsection=\count82
\c@paragraph=\count83
\c@subparagraph=\count84
\c@figure=\count85
\c@table=\count86
\abovecaptionskip=\skip41
\belowcaptionskip=\skip42
\bibindent=\dimen102
)
(/home/rajat/Documents/MS/Spring 2018/CSE 576/final_project/cse576-final-projec
t/final_report/nips_2017.sty
Package: nips_2017 2017/03/20 NIPS 2017 submission/camera-ready style file

(/usr/share/texlive/texmf-dist/tex/latex/natbib/natbib.sty
Package: natbib 2010/09/13 8.31b (PWD, AO)
\bibhang=\skip43
\bibsep=\skip44
LaTeX Info: Redefining \cite on input line 694.
\c@NAT@ctr=\count87
)
(/usr/share/texlive/texmf-dist/tex/latex/geometry/geometry.sty
Package: geometry 2010/09/12 v5.6 Page Geometry

(/usr/share/texlive/texmf-dist/tex/latex/graphics/keyval.sty
Package: keyval 2014/10/28 v1.15 key=value parser (DPC)
\KV@toks@=\toks14
)
(/usr/share/texlive/texmf-dist/tex/generic/oberdiek/ifpdf.sty
Package: ifpdf 2011/01/30 v2.3 Provides the ifpdf switch (HO)
Package ifpdf Info: pdfTeX in PDF mode is detected.
)
(/usr/share/texlive/texmf-dist/tex/generic/oberdiek/ifvtex.sty
Package: ifvtex 2010/03/01 v1.5 Detect VTeX and its facilities (HO)
Package ifvtex Info: VTeX not detected.
)
(/usr/share/texlive/texmf-dist/tex/generic/ifxetex/ifxetex.sty
Package: ifxetex 2010/09/12 v0.6 Provides ifxetex conditional
)
\Gm@cnth=\count88
\Gm@cntv=\count89
\c@Gm@tempcnt=\count90
\Gm@bindingoffset=\dimen103
\Gm@wd@mp=\dimen104
\Gm@odd@mp=\dimen105
\Gm@even@mp=\dimen106
\Gm@layoutwidth=\dimen107
\Gm@layoutheight=\dimen108
\Gm@layouthoffset=\dimen109
\Gm@layoutvoffset=\dimen110
\Gm@dimlist=\toks15
)
\@nipsabovecaptionskip=\skip45
\@nipsbelowcaptionskip=\skip46
)
(/usr/share/texlive/texmf-dist/tex/latex/base/inputenc.sty
Package: inputenc 2015/03/17 v1.2c Input encoding file
\inpenc@prehook=\toks16
\inpenc@posthook=\toks17

(/usr/share/texlive/texmf-dist/tex/latex/base/utf8.def
File: utf8.def 2015/12/03 v1.1r UTF-8 support for inputenc
Now handling font encoding OML ...
... no UTF-8 mapping file for font encoding OML
Now handling font encoding T1 ...
... processing UTF-8 mapping file for font encoding T1

(/usr/share/texlive/texmf-dist/tex/latex/base/t1enc.dfu
File: t1enc.dfu 2015/12/03 v1.1r UTF-8 support for inputenc
   defining Unicode char U+00A0 (decimal 160)
   defining Unicode char U+00A1 (decimal 161)
   defining Unicode char U+00A3 (decimal 163)
   defining Unicode char U+00AB (decimal 171)
   defining Unicode char U+00AD (decimal 173)
   defining Unicode char U+00BB (decimal 187)
   defining Unicode char U+00BF (decimal 191)
   defining Unicode char U+00C0 (decimal 192)
   defining Unicode char U+00C1 (decimal 193)
   defining Unicode char U+00C2 (decimal 194)
   defining Unicode char U+00C3 (decimal 195)
   defining Unicode char U+00C4 (decimal 196)
   defining Unicode char U+00C5 (decimal 197)
   defining Unicode char U+00C6 (decimal 198)
   defining Unicode char U+00C7 (decimal 199)
   defining Unicode char U+00C8 (decimal 200)
   defining Unicode char U+00C9 (decimal 201)
   defining Unicode char U+00CA (decimal 202)
   defining Unicode char U+00CB (decimal 203)
   defining Unicode char U+00CC (decimal 204)
   defining Unicode char U+00CD (decimal 205)
   defining Unicode char U+00CE (decimal 206)
   defining Unicode char U+00CF (decimal 207)
   defining Unicode char U+00D0 (decimal 208)
   defining Unicode char U+00D1 (decimal 209)
   defining Unicode char U+00D2 (decimal 210)
   defining Unicode char U+00D3 (decimal 211)
   defining Unicode char U+00D4 (decimal 212)
   defining Unicode char U+00D5 (decimal 213)
   defining Unicode char U+00D6 (decimal 214)
   defining Unicode char U+00D8 (decimal 216)
   defining Unicode char U+00D9 (decimal 217)
   defining Unicode char U+00DA (decimal 218)
   defining Unicode char U+00DB (decimal 219)
   defining Unicode char U+00DC (decimal 220)
   defining Unicode char U+00DD (decimal 221)
   defining Unicode char U+00DE (decimal 222)
   defining Unicode char U+00DF (decimal 223)
   defining Unicode char U+00E0 (decimal 224)
   defining Unicode char U+00E1 (decimal 225)
   defining Unicode char U+00E2 (decimal 226)
   defining Unicode char U+00E3 (decimal 227)
   defining Unicode char U+00E4 (decimal 228)
   defining Unicode char U+00E5 (decimal 229)
   defining Unicode char U+00E6 (decimal 230)
   defining Unicode char U+00E7 (decimal 231)
   defining Unicode char U+00E8 (decimal 232)
   defining Unicode char U+00E9 (decimal 233)
   defining Unicode char U+00EA (decimal 234)
   defining Unicode char U+00EB (decimal 235)
   defining Unicode char U+00EC (decimal 236)
   defining Unicode char U+00ED (decimal 237)
   defining Unicode char U+00EE (decimal 238)
   defining Unicode char U+00EF (decimal 239)
   defining Unicode char U+00F0 (decimal 240)
   defining Unicode char U+00F1 (decimal 241)
   defining Unicode char U+00F2 (decimal 242)
   defining Unicode char U+00F3 (decimal 243)
   defining Unicode char U+00F4 (decimal 244)
   defining Unicode char U+00F5 (decimal 245)
   defining Unicode char U+00F6 (decimal 246)
   defining Unicode char U+00F8 (decimal 248)
   defining Unicode char U+00F9 (decimal 249)
   defining Unicode char U+00FA (decimal 250)
   defining Unicode char U+00FB (decimal 251)
   defining Unicode char U+00FC (decimal 252)
   defining Unicode char U+00FD (decimal 253)
   defining Unicode char U+00FE (decimal 254)
   defining Unicode char U+00FF (decimal 255)
   defining Unicode char U+0100 (decimal 256)
   defining Unicode char U+0101 (decimal 257)
   defining Unicode char U+0102 (decimal 258)
   defining Unicode char U+0103 (decimal 259)
   defining Unicode char U+0104 (decimal 260)
   defining Unicode char U+0105 (decimal 261)
   defining Unicode char U+0106 (decimal 262)
   defining Unicode char U+0107 (decimal 263)
   defining Unicode char U+0108 (decimal 264)
   defining Unicode char U+0109 (decimal 265)
   defining Unicode char U+010A (decimal 266)
   defining Unicode char U+010B (decimal 267)
   defining Unicode char U+010C (decimal 268)
   defining Unicode char U+010D (decimal 269)
   defining Unicode char U+010E (decimal 270)
   defining Unicode char U+010F (decimal 271)
   defining Unicode char U+0110 (decimal 272)
   defining Unicode char U+0111 (decimal 273)
   defining Unicode char U+0112 (decimal 274)
   defining Unicode char U+0113 (decimal 275)
   defining Unicode char U+0114 (decimal 276)
   defining Unicode char U+0115 (decimal 277)
   defining Unicode char U+0116 (decimal 278)
   defining Unicode char U+0117 (decimal 279)
   defining Unicode char U+0118 (decimal 280)
   defining Unicode char U+0119 (decimal 281)
   defining Unicode char U+011A (decimal 282)
   defining Unicode char U+011B (decimal 283)
   defining Unicode char U+011C (decimal 284)
   defining Unicode char U+011D (decimal 285)
   defining Unicode char U+011E (decimal 286)
   defining Unicode char U+011F (decimal 287)
   defining Unicode char U+0120 (decimal 288)
   defining Unicode char U+0121 (decimal 289)
   defining Unicode char U+0122 (decimal 290)
   defining Unicode char U+0123 (decimal 291)
   defining Unicode char U+0124 (decimal 292)
   defining Unicode char U+0125 (decimal 293)
   defining Unicode char U+0128 (decimal 296)
   defining Unicode char U+0129 (decimal 297)
   defining Unicode char U+012A (decimal 298)
   defining Unicode char U+012B (decimal 299)
   defining Unicode char U+012C (decimal 300)
   defining Unicode char U+012D (decimal 301)
   defining Unicode char U+012E (decimal 302)
   defining Unicode char U+012F (decimal 303)
   defining Unicode char U+0130 (decimal 304)
   defining Unicode char U+0131 (decimal 305)
   defining Unicode char U+0132 (decimal 306)
   defining Unicode char U+0133 (decimal 307)
   defining Unicode char U+0134 (decimal 308)
   defining Unicode char U+0135 (decimal 309)
   defining Unicode char U+0136 (decimal 310)
   defining Unicode char U+0137 (decimal 311)
   defining Unicode char U+0139 (decimal 313)
   defining Unicode char U+013A (decimal 314)
   defining Unicode char U+013B (decimal 315)
   defining Unicode char U+013C (decimal 316)
   defining Unicode char U+013D (decimal 317)
   defining Unicode char U+013E (decimal 318)
   defining Unicode char U+0141 (decimal 321)
   defining Unicode char U+0142 (decimal 322)
   defining Unicode char U+0143 (decimal 323)
   defining Unicode char U+0144 (decimal 324)
   defining Unicode char U+0145 (decimal 325)
   defining Unicode char U+0146 (decimal 326)
   defining Unicode char U+0147 (decimal 327)
   defining Unicode char U+0148 (decimal 328)
   defining Unicode char U+014A (decimal 330)
   defining Unicode char U+014B (decimal 331)
   defining Unicode char U+014C (decimal 332)
   defining Unicode char U+014D (decimal 333)
   defining Unicode char U+014E (decimal 334)
   defining Unicode char U+014F (decimal 335)
   defining Unicode char U+0150 (decimal 336)
   defining Unicode char U+0151 (decimal 337)
   defining Unicode char U+0152 (decimal 338)
   defining Unicode char U+0153 (decimal 339)
   defining Unicode char U+0154 (decimal 340)
   defining Unicode char U+0155 (decimal 341)
   defining Unicode char U+0156 (decimal 342)
   defining Unicode char U+0157 (decimal 343)
   defining Unicode char U+0158 (decimal 344)
   defining Unicode char U+0159 (decimal 345)
   defining Unicode char U+015A (decimal 346)
   defining Unicode char U+015B (decimal 347)
   defining Unicode char U+015C (decimal 348)
   defining Unicode char U+015D (decimal 349)
   defining Unicode char U+015E (decimal 350)
   defining Unicode char U+015F (decimal 351)
   defining Unicode char U+0160 (decimal 352)
   defining Unicode char U+0161 (decimal 353)
   defining Unicode char U+0162 (decimal 354)
   defining Unicode char U+0163 (decimal 355)
   defining Unicode char U+0164 (decimal 356)
   defining Unicode char U+0165 (decimal 357)
   defining Unicode char U+0168 (decimal 360)
   defining Unicode char U+0169 (decimal 361)
   defining Unicode char U+016A (decimal 362)
   defining Unicode char U+016B (decimal 363)
   defining Unicode char U+016C (decimal 364)
   defining Unicode char U+016D (decimal 365)
   defining Unicode char U+016E (decimal 366)
   defining Unicode char U+016F (decimal 367)
   defining Unicode char U+0170 (decimal 368)
   defining Unicode char U+0171 (decimal 369)
   defining Unicode char U+0172 (decimal 370)
   defining Unicode char U+0173 (decimal 371)
   defining Unicode char U+0174 (decimal 372)
   defining Unicode char U+0175 (decimal 373)
   defining Unicode char U+0176 (decimal 374)
   defining Unicode char U+0177 (decimal 375)
   defining Unicode char U+0178 (decimal 376)
   defining Unicode char U+0179 (decimal 377)
   defining Unicode char U+017A (decimal 378)
   defining Unicode char U+017B (decimal 379)
   defining Unicode char U+017C (decimal 380)
   defining Unicode char U+017D (decimal 381)
   defining Unicode char U+017E (decimal 382)
   defining Unicode char U+01CD (decimal 461)
   defining Unicode char U+01CE (decimal 462)
   defining Unicode char U+01CF (decimal 463)
   defining Unicode char U+01D0 (decimal 464)
   defining Unicode char U+01D1 (decimal 465)
   defining Unicode char U+01D2 (decimal 466)
   defining Unicode char U+01D3 (decimal 467)
   defining Unicode char U+01D4 (decimal 468)
   defining Unicode char U+01E2 (decimal 482)
   defining Unicode char U+01E3 (decimal 483)
   defining Unicode char U+01E6 (decimal 486)
   defining Unicode char U+01E7 (decimal 487)
   defining Unicode char U+01E8 (decimal 488)
   defining Unicode char U+01E9 (decimal 489)
   defining Unicode char U+01EA (decimal 490)
   defining Unicode char U+01EB (decimal 491)
   defining Unicode char U+01F0 (decimal 496)
   defining Unicode char U+01F4 (decimal 500)
   defining Unicode char U+01F5 (decimal 501)
   defining Unicode char U+0218 (decimal 536)
   defining Unicode char U+0219 (decimal 537)
   defining Unicode char U+021A (decimal 538)
   defining Unicode char U+021B (decimal 539)
   defining Unicode char U+01E02 (decimal 7682)
   defining Unicode char U+01E03 (decimal 7683)
   defining Unicode char U+200C (decimal 8204)
   defining Unicode char U+2013 (decimal 8211)
   defining Unicode char U+2014 (decimal 8212)
   defining Unicode char U+2018 (decimal 8216)
   defining Unicode char U+2019 (decimal 8217)
   defining Unicode char U+201A (decimal 8218)
   defining Unicode char U+201C (decimal 8220)
   defining Unicode char U+201D (decimal 8221)
   defining Unicode char U+201E (decimal 8222)
   defining Unicode char U+2030 (decimal 8240)
   defining Unicode char U+2031 (decimal 8241)
   defining Unicode char U+2039 (decimal 8249)
   defining Unicode char U+203A (decimal 8250)
   defining Unicode char U+2423 (decimal 9251)
)
Now handling font encoding OT1 ...
... processing UTF-8 mapping file for font encoding OT1

(/usr/share/texlive/texmf-dist/tex/latex/base/ot1enc.dfu
File: ot1enc.dfu 2015/12/03 v1.1r UTF-8 support for inputenc
   defining Unicode char U+00A0 (decimal 160)
   defining Unicode char U+00A1 (decimal 161)
   defining Unicode char U+00A3 (decimal 163)
   defining Unicode char U+00AD (decimal 173)
   defining Unicode char U+00B8 (decimal 184)
   defining Unicode char U+00BF (decimal 191)
   defining Unicode char U+00C5 (decimal 197)
   defining Unicode char U+00C6 (decimal 198)
   defining Unicode char U+00D8 (decimal 216)
   defining Unicode char U+00DF (decimal 223)
   defining Unicode char U+00E6 (decimal 230)
   defining Unicode char U+00EC (decimal 236)
   defining Unicode char U+00ED (decimal 237)
   defining Unicode char U+00EE (decimal 238)
   defining Unicode char U+00EF (decimal 239)
   defining Unicode char U+00F8 (decimal 248)
   defining Unicode char U+0131 (decimal 305)
   defining Unicode char U+0141 (decimal 321)
   defining Unicode char U+0142 (decimal 322)
   defining Unicode char U+0152 (decimal 338)
   defining Unicode char U+0153 (decimal 339)
   defining Unicode char U+0174 (decimal 372)
   defining Unicode char U+0175 (decimal 373)
   defining Unicode char U+0176 (decimal 374)
   defining Unicode char U+0177 (decimal 375)
   defining Unicode char U+0218 (decimal 536)
   defining Unicode char U+0219 (decimal 537)
   defining Unicode char U+021A (decimal 538)
   defining Unicode char U+021B (decimal 539)
   defining Unicode char U+2013 (decimal 8211)
   defining Unicode char U+2014 (decimal 8212)
   defining Unicode char U+2018 (decimal 8216)
   defining Unicode char U+2019 (decimal 8217)
   defining Unicode char U+201C (decimal 8220)
   defining Unicode char U+201D (decimal 8221)
)
Now handling font encoding OMS ...
... processing UTF-8 mapping file for font encoding OMS

(/usr/share/texlive/texmf-dist/tex/latex/base/omsenc.dfu
File: omsenc.dfu 2015/12/03 v1.1r UTF-8 support for inputenc
   defining Unicode char U+00A7 (decimal 167)
   defining Unicode char U+00B6 (decimal 182)
   defining Unicode char U+00B7 (decimal 183)
   defining Unicode char U+2020 (decimal 8224)
   defining Unicode char U+2021 (decimal 8225)
   defining Unicode char U+2022 (decimal 8226)
)
Now handling font encoding OMX ...
... no UTF-8 mapping file for font encoding OMX
Now handling font encoding U ...
... no UTF-8 mapping file for font encoding U
   defining Unicode char U+00A9 (decimal 169)
   defining Unicode char U+00AA (decimal 170)
   defining Unicode char U+00AE (decimal 174)
   defining Unicode char U+00BA (decimal 186)
   defining Unicode char U+02C6 (decimal 710)
   defining Unicode char U+02DC (decimal 732)
   defining Unicode char U+200C (decimal 8204)
   defining Unicode char U+2026 (decimal 8230)
   defining Unicode char U+2122 (decimal 8482)
   defining Unicode char U+2423 (decimal 9251)
))
(/usr/share/texlive/texmf-dist/tex/latex/base/fontenc.sty
Package: fontenc 2005/09/27 v1.99g Standard LaTeX package

(/usr/share/texlive/texmf-dist/tex/latex/base/t1enc.def
File: t1enc.def 2005/09/27 v1.99g Standard LaTeX file
LaTeX Font Info:    Redeclaring font encoding T1 on input line 48.
))
(/usr/share/texlive/texmf-dist/tex/latex/hyperref/hyperref.sty
Package: hyperref 2012/11/06 v6.83m Hypertext links for LaTeX

(/usr/share/texlive/texmf-dist/tex/generic/oberdiek/hobsub-hyperref.sty
Package: hobsub-hyperref 2012/05/28 v1.13 Bundle oberdiek, subset hyperref (HO)


(/usr/share/texlive/texmf-dist/tex/generic/oberdiek/hobsub-generic.sty
Package: hobsub-generic 2012/05/28 v1.13 Bundle oberdiek, subset generic (HO)
Package: hobsub 2012/05/28 v1.13 Construct package bundles (HO)
Package: infwarerr 2010/04/08 v1.3 Providing info/warning/error messages (HO)
Package: ltxcmds 2011/11/09 v1.22 LaTeX kernel commands for general use (HO)
Package: ifluatex 2010/03/01 v1.3 Provides the ifluatex switch (HO)
Package ifluatex Info: LuaTeX not detected.
Package hobsub Info: Skipping package `ifvtex' (already loaded).
Package: intcalc 2007/09/27 v1.1 Expandable calculations with integers (HO)
Package hobsub Info: Skipping package `ifpdf' (already loaded).
Package: etexcmds 2011/02/16 v1.5 Avoid name clashes with e-TeX commands (HO)
Package etexcmds Info: Could not find \expanded.
(etexcmds)             That can mean that you are not using pdfTeX 1.50 or
(etexcmds)             that some package has redefined \expanded.
(etexcmds)             In the latter case, load this package earlier.
Package: kvsetkeys 2012/04/25 v1.16 Key value parser (HO)
Package: kvdefinekeys 2011/04/07 v1.3 Define keys (HO)
Package: pdftexcmds 2011/11/29 v0.20 Utility functions of pdfTeX for LuaTeX (HO
)
Package pdftexcmds Info: LuaTeX not detected.
Package pdftexcmds Info: \pdf@primitive is available.
Package pdftexcmds Info: \pdf@ifprimitive is available.
Package pdftexcmds Info: \pdfdraftmode found.
Package: pdfescape 2011/11/25 v1.13 Implements pdfTeX's escape features (HO)
Package: bigintcalc 2012/04/08 v1.3 Expandable calculations on big integers (HO
)
Package: bitset 2011/01/30 v1.1 Handle bit-vector datatype (HO)
Package: uniquecounter 2011/01/30 v1.2 Provide unlimited unique counter (HO)
)
Package hobsub Info: Skipping package `hobsub' (already loaded).
Package: letltxmacro 2010/09/02 v1.4 Let assignment for LaTeX macros (HO)
Package: hopatch 2012/05/28 v1.2 Wrapper for package hooks (HO)
Package: xcolor-patch 2011/01/30 xcolor patch
Package: atveryend 2011/06/30 v1.8 Hooks at the very end of document (HO)
Package atveryend Info: \enddocument detected (standard20110627).
Package: atbegshi 2011/10/05 v1.16 At begin shipout hook (HO)
Package: refcount 2011/10/16 v3.4 Data extraction from label references (HO)
Package: hycolor 2011/01/30 v1.7 Color options for hyperref/bookmark (HO)
)
(/usr/share/texlive/texmf-dist/tex/latex/oberdiek/auxhook.sty
Package: auxhook 2011/03/04 v1.3 Hooks for auxiliary files (HO)
)
(/usr/share/texlive/texmf-dist/tex/latex/oberdiek/kvoptions.sty
Package: kvoptions 2011/06/30 v3.11 Key value format for package options (HO)
)
\@linkdim=\dimen111
\Hy@linkcounter=\count91
\Hy@pagecounter=\count92

(/usr/share/texlive/texmf-dist/tex/latex/hyperref/pd1enc.def
File: pd1enc.def 2012/11/06 v6.83m Hyperref: PDFDocEncoding definition (HO)
Now handling font encoding PD1 ...
... no UTF-8 mapping file for font encoding PD1
)
\Hy@SavedSpaceFactor=\count93

(/usr/share/texlive/texmf-dist/tex/latex/latexconfig/hyperref.cfg
File: hyperref.cfg 2002/06/06 v1.2 hyperref configuration of TeXLive
)
Package hyperref Info: Hyper figures OFF on input line 4443.
Package hyperref Info: Link nesting OFF on input line 4448.
Package hyperref Info: Hyper index ON on input line 4451.
Package hyperref Info: Plain pages OFF on input line 4458.
Package hyperref Info: Backreferencing OFF on input line 4463.
Package hyperref Info: Implicit mode ON; LaTeX internals redefined.
Package hyperref Info: Bookmarks ON on input line 4688.
\c@Hy@tempcnt=\count94

(/usr/share/texlive/texmf-dist/tex/latex/url/url.sty
\Urlmuskip=\muskip10
Package: url 2013/09/16  ver 3.4  Verb mode for urls, etc.
)
LaTeX Info: Redefining \url on input line 5041.
\XeTeXLinkMargin=\dimen112
\Fld@menulength=\count95
\Field@Width=\dimen113
\Fld@charsize=\dimen114
Package hyperref Info: Hyper figures OFF on input line 6295.
Package hyperref Info: Link nesting OFF on input line 6300.
Package hyperref Info: Hyper index ON on input line 6303.
Package hyperref Info: backreferencing OFF on input line 6310.
Package hyperref Info: Link coloring OFF on input line 6315.
Package hyperref Info: Link coloring with OCG OFF on input line 6320.
Package hyperref Info: PDF/A mode OFF on input line 6325.
LaTeX Info: Redefining \ref on input line 6365.
LaTeX Info: Redefining \pageref on input line 6369.
\Hy@abspage=\count96
\c@Item=\count97
\c@Hfootnote=\count98
)

Package hyperref Message: Driver (autodetected): hpdftex.

(/usr/share/texlive/texmf-dist/tex/latex/hyperref/hpdftex.def
File: hpdftex.def 2012/11/06 v6.83m Hyperref driver for pdfTeX
\Fld@listcount=\count99
\c@bookmark@seq@number=\count100

(/usr/share/texlive/texmf-dist/tex/latex/oberdiek/rerunfilecheck.sty
Package: rerunfilecheck 2011/04/15 v1.7 Rerun checks for auxiliary files (HO)
Package uniquecounter Info: New unique counter `rerunfilecheck' on input line 2
82.
)
\Hy@SectionHShift=\skip47
)
(/usr/share/texlive/texmf-dist/tex/latex/booktabs/booktabs.sty
Package: booktabs 2005/04/14 v1.61803 publication quality tables
\heavyrulewidth=\dimen115
\lightrulewidth=\dimen116
\cmidrulewidth=\dimen117
\belowrulesep=\dimen118
\belowbottomsep=\dimen119
\aboverulesep=\dimen120
\abovetopsep=\dimen121
\cmidrulesep=\dimen122
\cmidrulekern=\dimen123
\defaultaddspace=\dimen124
\@cmidla=\count101
\@cmidlb=\count102
\@aboverulesep=\dimen125
\@belowrulesep=\dimen126
\@thisruleclass=\count103
\@lastruleclass=\count104
\@thisrulewidth=\dimen127
)
(/usr/share/texlive/texmf-dist/tex/latex/amsfonts/amsfonts.sty
Package: amsfonts 2013/01/14 v3.01 Basic AMSFonts support
\@emptytoks=\toks18
\symAMSa=\mathgroup4
\symAMSb=\mathgroup5
LaTeX Font Info:    Overwriting math alphabet `\mathfrak' in version `bold'
(Font)                  U/euf/m/n --> U/euf/b/n on input line 106.
)
(/usr/share/texlive/texmf-dist/tex/latex/units/nicefrac.sty
Package: nicefrac 1998/08/04 v0.9b Nice fractions
\L@UnitsRaiseDisplaystyle=\skip48
\L@UnitsRaiseTextstyle=\skip49
\L@UnitsRaiseScriptstyle=\skip50

(/usr/share/texlive/texmf-dist/tex/latex/base/ifthen.sty
Package: ifthen 2014/09/29 v1.1c Standard LaTeX ifthen package (DPC)
))
(/usr/share/texlive/texmf-dist/tex/latex/microtype/microtype.sty
Package: microtype 2013/05/23 v2.5a Micro-typographical refinements (RS)
\MT@toks=\toks19
\MT@count=\count105
LaTeX Info: Redefining \textls on input line 766.
\MT@outer@kern=\dimen128
LaTeX Info: Redefining \textmicrotypecontext on input line 1285.
\MT@listname@count=\count106

(/usr/share/texlive/texmf-dist/tex/latex/microtype/microtype-pdftex.def
File: microtype-pdftex.def 2013/05/23 v2.5a Definitions specific to pdftex (RS)

LaTeX Info: Redefining \lsstyle on input line 915.
LaTeX Info: Redefining \lslig on input line 915.
\MT@outer@space=\skip51
)
Package microtype Info: Loading configuration file microtype.cfg.

(/usr/share/texlive/texmf-dist/tex/latex/microtype/microtype.cfg
File: microtype.cfg 2013/05/23 v2.5a microtype main configuration file (RS)
))
(/usr/share/texlive/texmf-dist/tex/latex/lipsum/lipsum.sty
Package: lipsum 2014/07/27 v1.3 150 paragraphs of Lorem Ipsum dummy text
\c@lips@count=\count107
)
(/usr/share/texlive/texmf-dist/tex/latex/wrapfig/wrapfig.sty
\wrapoverhang=\dimen129
\WF@size=\dimen130
\c@WF@wrappedlines=\count108
\WF@box=\box26
\WF@everypar=\toks20
Package: wrapfig 2003/01/31  v 3.6
)
(/usr/share/texlive/texmf-dist/tex/latex/algorithms/algorithm.sty
Package: algorithm 2009/08/24 v0.1 Document Style `algorithm' - floating enviro
nment

(/usr/share/texlive/texmf-dist/tex/latex/float/float.sty
Package: float 2001/11/08 v1.3d Float enhancements (AL)
\c@float@type=\count109
\float@exts=\toks21
\float@box=\box27
\@float@everytoks=\toks22
\@floatcapt=\box28
)
\@float@every@algorithm=\toks23
\c@algorithm=\count110
)
(/usr/share/texlive/texmf-dist/tex/latex/algorithms/algorithmic.sty
Package: algorithmic 2009/08/24 v0.1 Document Style `algorithmic'
\c@ALC@unique=\count111
\c@ALC@line=\count112
\c@ALC@rem=\count113
\c@ALC@depth=\count114
\ALC@tlm=\skip52
\algorithmicindent=\skip53
)
(/usr/share/texlive/texmf-dist/tex/latex/amsmath/amsmath.sty
Package: amsmath 2016/03/03 v2.15a AMS math features
\@mathmargin=\skip54

For additional information on amsmath, use the `?' option.
(/usr/share/texlive/texmf-dist/tex/latex/amsmath/amstext.sty
Package: amstext 2000/06/29 v2.01 AMS text

(/usr/share/texlive/texmf-dist/tex/latex/amsmath/amsgen.sty
File: amsgen.sty 1999/11/30 v2.0 generic functions
\@emptytoks=\toks24
\ex@=\dimen131
))
(/usr/share/texlive/texmf-dist/tex/latex/amsmath/amsbsy.sty
Package: amsbsy 1999/11/29 v1.2d Bold Symbols
\pmbraise@=\dimen132
)
(/usr/share/texlive/texmf-dist/tex/latex/amsmath/amsopn.sty
Package: amsopn 1999/12/14 v2.01 operator names
)
\inf@bad=\count115
LaTeX Info: Redefining \frac on input line 199.
\uproot@=\count116
\leftroot@=\count117
LaTeX Info: Redefining \overline on input line 297.
\classnum@=\count118
\DOTSCASE@=\count119
LaTeX Info: Redefining \ldots on input line 394.
LaTeX Info: Redefining \dots on input line 397.
LaTeX Info: Redefining \cdots on input line 518.
\Mathstrutbox@=\box29
\strutbox@=\box30
\big@size=\dimen133
LaTeX Font Info:    Redeclaring font encoding OML on input line 630.
LaTeX Font Info:    Redeclaring font encoding OMS on input line 631.
\macc@depth=\count120
\c@MaxMatrixCols=\count121
\dotsspace@=\muskip11
\c@parentequation=\count122
\dspbrk@lvl=\count123
\tag@help=\toks25
\row@=\count124
\column@=\count125
\maxfields@=\count126
\andhelp@=\toks26
\eqnshift@=\dimen134
\alignsep@=\dimen135
\tagshift@=\dimen136
\tagwidth@=\dimen137
\totwidth@=\dimen138
\lineht@=\dimen139
\@envbody=\toks27
\multlinegap=\skip55
\multlinetaggap=\skip56
\mathdisplay@stack=\toks28
LaTeX Info: Redefining \[ on input line 2735.
LaTeX Info: Redefining \] on input line 2736.
)
(/usr/share/texlive/texmf-dist/tex/latex/graphics/graphicx.sty
Package: graphicx 2014/10/28 v1.0g Enhanced LaTeX Graphics (DPC,SPQR)

(/usr/share/texlive/texmf-dist/tex/latex/graphics/graphics.sty
Package: graphics 2016/01/03 v1.0q Standard LaTeX Graphics (DPC,SPQR)

(/usr/share/texlive/texmf-dist/tex/latex/graphics/trig.sty
Package: trig 2016/01/03 v1.10 sin cos tan (DPC)
)
(/usr/share/texlive/texmf-dist/tex/latex/latexconfig/graphics.cfg
File: graphics.cfg 2010/04/23 v1.9 graphics configuration of TeX Live
)
Package graphics Info: Driver file: pdftex.def on input line 95.

(/usr/share/texlive/texmf-dist/tex/latex/pdftex-def/pdftex.def
File: pdftex.def 2011/05/27 v0.06d Graphics/color for pdfTeX
\Gread@gobject=\count127
))
\Gin@req@height=\dimen140
\Gin@req@width=\dimen141
)
(/usr/share/texlive/texmf-dist/tex/latex/caption/subcaption.sty
Package: subcaption 2016/02/20 v1.1-142 Sub-captions (AR)

(/usr/share/texlive/texmf-dist/tex/latex/caption/caption.sty
Package: caption 2016/02/21 v3.3-144 Customizing captions (AR)

(/usr/share/texlive/texmf-dist/tex/latex/caption/caption3.sty
Package: caption3 2016/02/04 v1.7-139 caption3 kernel (AR)
Package caption3 Info: TeX engine: e-TeX on input line 67.
\captionmargin=\dimen142
\captionmargin@=\dimen143
\captionwidth=\dimen144
\caption@tempdima=\dimen145
\caption@indent=\dimen146
\caption@parindent=\dimen147
\caption@hangindent=\dimen148
)
\c@ContinuedFloat=\count128
Package caption Info: float package is loaded.
Package caption Info: hyperref package is loaded.
Package caption Info: wrapfig package is loaded.
)
\c@subfigure=\count129
\c@subtable=\count130
)
(/usr/share/texlive/texmf-dist/tex/latex/xcolor/xcolor.sty
Package: xcolor 2007/01/21 v2.11 LaTeX color extensions (UK)

(/usr/share/texlive/texmf-dist/tex/latex/latexconfig/color.cfg
File: color.cfg 2007/01/18 v1.5 color configuration of teTeX/TeXLive
)
Package xcolor Info: Driver file: pdftex.def on input line 225.

(/usr/share/texlive/texmf-dist/tex/latex/colortbl/colortbl.sty
Package: colortbl 2012/02/13 v1.0a Color table columns (DPC)

(/usr/share/texlive/texmf-dist/tex/latex/tools/array.sty
Package: array 2014/10/28 v2.4c Tabular extension package (FMi)
\col@sep=\dimen149
\extrarowheight=\dimen150
\NC@list=\toks29
\extratabsurround=\skip57
\backup@length=\skip58
)
\everycr=\toks30
\minrowclearance=\skip59
)
\rownum=\count131
Package xcolor Info: Model `cmy' substituted by `cmy0' on input line 1337.
Package xcolor Info: Model `hsb' substituted by `rgb' on input line 1341.
Package xcolor Info: Model `RGB' extended on input line 1353.
Package xcolor Info: Model `HTML' substituted by `rgb' on input line 1355.
Package xcolor Info: Model `Hsb' substituted by `hsb' on input line 1356.
Package xcolor Info: Model `tHsb' substituted by `hsb' on input line 1357.
Package xcolor Info: Model `HSB' substituted by `hsb' on input line 1358.
Package xcolor Info: Model `Gray' substituted by `gray' on input line 1359.
Package xcolor Info: Model `wave' substituted by `hsb' on input line 1360.
)
(/usr/share/texlive/texmf-dist/tex/latex/tools/bm.sty
Package: bm 2014/10/28 v1.1c Bold Symbol Support (DPC/FMi)
\symboldoperators=\mathgroup6
\symboldletters=\mathgroup7
\symboldsymbols=\mathgroup8
LaTeX Font Info:    Redeclaring math alphabet \mathbf on input line 141.
LaTeX Info: Redefining \bm on input line 207.
)
(/usr/share/texlive/texmf-dist/tex/latex/capt-of/capt-of.sty
Package: capt-of 2009/12/29 v0.2 standard captions outside of floats
)
(/usr/share/texlive/texmf-dist/tex/latex/base/fontenc.sty
Package: fontenc 2005/09/27 v1.99g Standard LaTeX package

(/usr/share/texlive/texmf-dist/tex/latex/base/t1enc.def
File: t1enc.def 2005/09/27 v1.99g Standard LaTeX file
LaTeX Font Info:    Redeclaring font encoding T1 on input line 48.
))
Package hyperref Info: Option `colorlinks' set `true' on input line 58.

(/home/rajat/Documents/MS/Spring 2018/CSE 576/final_project/cse576-final-projec
t/final_report/rajatc_cv.aux)
\openout1 = `rajatc_cv.aux'.

LaTeX Font Info:    Checking defaults for OML/cmm/m/it on input line 70.
LaTeX Font Info:    ... okay on input line 70.
LaTeX Font Info:    Checking defaults for T1/cmr/m/n on input line 70.
LaTeX Font Info:    ... okay on input line 70.
LaTeX Font Info:    Checking defaults for OT1/cmr/m/n on input line 70.
LaTeX Font Info:    ... okay on input line 70.
LaTeX Font Info:    Checking defaults for OMS/cmsy/m/n on input line 70.
LaTeX Font Info:    ... okay on input line 70.
LaTeX Font Info:    Checking defaults for OMX/cmex/m/n on input line 70.
LaTeX Font Info:    ... okay on input line 70.
LaTeX Font Info:    Checking defaults for U/cmr/m/n on input line 70.
LaTeX Font Info:    ... okay on input line 70.
LaTeX Font Info:    Checking defaults for PD1/pdf/m/n on input line 70.
LaTeX Font Info:    ... okay on input line 70.
LaTeX Font Info:    Try loading font information for T1+ptm on input line 70.

(/usr/share/texlive/texmf-dist/tex/latex/psnfss/t1ptm.fd
File: t1ptm.fd 2001/06/04 font definitions for T1/ptm.
)
*geometry* driver: auto-detecting
*geometry* detected driver: pdftex
*geometry* verbose mode - [ preamble ] result:
* driver: pdftex
* paper: letterpaper
* layout: <same size as paper>
* layoutoffset:(h,v)=(0.0pt,0.0pt)
* modes: 
* h-part:(L,W,R)=(92.14519pt, 430.00462pt, 92.14519pt)
* v-part:(T,H,B)=(95.39737pt, 556.47656pt, 143.09605pt)
* \paperwidth=614.295pt
* \paperheight=794.96999pt
* \textwidth=430.00462pt
* \textheight=556.47656pt
* \oddsidemargin=19.8752pt
* \evensidemargin=19.8752pt
* \topmargin=-13.87262pt
* \headheight=12.0pt
* \headsep=25.0pt
* \topskip=10.0pt
* \footskip=30.0pt
* \marginparwidth=65.0pt
* \marginparsep=11.0pt
* \columnsep=10.0pt
* \skip\footins=9.0pt plus 4.0pt minus 2.0pt
* \hoffset=0.0pt
* \voffset=0.0pt
* \mag=1000
* \@twocolumnfalse
* \@twosidefalse
* \@mparswitchfalse
* \@reversemarginfalse
* (1in=72.27pt=25.4mm, 1cm=28.453pt)

*geometry* verbose mode - [ newgeometry ] result:
* driver: pdftex
* paper: letterpaper
* layout: <same size as paper>
* layoutoffset:(h,v)=(0.0pt,0.0pt)
* modes: 
* h-part:(L,W,R)=(108.405pt, 397.48499pt, 108.40501pt)
* v-part:(T,H,B)=(72.26999pt, 650.43pt, 72.27pt)
* \paperwidth=614.295pt
* \paperheight=794.96999pt
* \textwidth=397.48499pt
* \textheight=650.43pt
* \oddsidemargin=36.13501pt
* \evensidemargin=36.13501pt
* \topmargin=-37.0pt
* \headheight=12.0pt
* \headsep=25.0pt
* \topskip=10.0pt
* \footskip=30.0pt
* \marginparwidth=65.0pt
* \marginparsep=11.0pt
* \columnsep=10.0pt
* \skip\footins=9.0pt plus 4.0pt minus 2.0pt
* \hoffset=0.0pt
* \voffset=0.0pt
* \mag=1000
* \@twocolumnfalse
* \@twosidefalse
* \@mparswitchfalse
* \@reversemarginfalse
* (1in=72.27pt=25.4mm, 1cm=28.453pt)

\AtBeginShipoutBox=\box31
Package hyperref Info: Link coloring ON on input line 70.
(/usr/share/texlive/texmf-dist/tex/latex/hyperref/nameref.sty
Package: nameref 2012/10/27 v2.43 Cross-referencing by name of section

(/usr/share/texlive/texmf-dist/tex/generic/oberdiek/gettitlestring.sty
Package: gettitlestring 2010/12/03 v1.4 Cleanup title references (HO)
)
\c@section@level=\count132
)
LaTeX Info: Redefining \ref on input line 70.
LaTeX Info: Redefining \pageref on input line 70.
LaTeX Info: Redefining \nameref on input line 70.

(/home/rajat/Documents/MS/Spring 2018/CSE 576/final_project/cse576-final-projec
t/final_report/rajatc_cv.out)
(/home/rajat/Documents/MS/Spring 2018/CSE 576/final_project/cse576-final-projec
t/final_report/rajatc_cv.out)
\@outlinefile=\write3
\openout3 = `rajatc_cv.out'.

LaTeX Info: Redefining \microtypecontext on input line 70.
Package microtype Info: Generating PDF output.
Package microtype Info: Character protrusion enabled (level 2).
Package microtype Info: Using default protrusion set `alltext'.
Package microtype Info: Automatic font expansion enabled (level 2),
(microtype)             stretch: 20, shrink: 20, step: 1, non-selected.
Package microtype Info: Using default expansion set `basictext'.
Package microtype Info: No adjustment of tracking.
Package microtype Info: No adjustment of interword spacing.
Package microtype Info: No adjustment of character kerning.

(/usr/share/texlive/texmf-dist/tex/latex/microtype/mt-ptm.cfg
File: mt-ptm.cfg 2006/04/20 v1.7 microtype config. file: Times (RS)
)
(/usr/share/texlive/texmf-dist/tex/context/base/supp-pdf.mkii
[Loading MPS to PDF converter (version 2006.09.02).]
\scratchcounter=\count133
\scratchdimen=\dimen151
\scratchbox=\box32
\nofMPsegments=\count134
\nofMParguments=\count135
\everyMPshowfont=\toks31
\MPscratchCnt=\count136
\MPscratchDim=\dimen152
\MPnumerator=\count137
\makeMPintoPDFobject=\count138
\everyMPtoPDFconversion=\toks32
) (/usr/share/texlive/texmf-dist/tex/latex/oberdiek/epstopdf-base.sty
Package: epstopdf-base 2010/02/09 v2.5 Base part for package epstopdf

(/usr/share/texlive/texmf-dist/tex/latex/oberdiek/grfext.sty
Package: grfext 2010/08/19 v1.1 Manage graphics extensions (HO)
)
Package grfext Info: Graphics extension search list:
(grfext)             [.png,.pdf,.jpg,.mps,.jpeg,.jbig2,.jb2,.PNG,.PDF,.JPG,.JPE
G,.JBIG2,.JB2,.eps]
(grfext)             \AppendGraphicsExtensions on input line 452.

(/usr/share/texlive/texmf-dist/tex/latex/latexconfig/epstopdf-sys.cfg
File: epstopdf-sys.cfg 2010/07/13 v1.3 Configuration of (r)epstopdf for TeX Liv
e
))
Package caption Info: Begin \AtBeginDocument code.
Package caption Info: End \AtBeginDocument code.
LaTeX Font Info:    Font shape `T1/ptm/bx/n' in size <17.28> not available
(Font)              Font shape `T1/ptm/b/n' tried instead on input line 72.

(/usr/share/texlive/texmf-dist/tex/latex/microtype/mt-cmr.cfg
File: mt-cmr.cfg 2013/05/19 v2.2 microtype config. file: Computer Modern Roman 
(RS)
)
LaTeX Font Info:    Try loading font information for U+msa on input line 72.

(/usr/share/texlive/texmf-dist/tex/latex/amsfonts/umsa.fd
File: umsa.fd 2013/01/14 v3.01 AMS symbols A
)
(/usr/share/texlive/texmf-dist/tex/latex/microtype/mt-msa.cfg
File: mt-msa.cfg 2006/02/04 v1.1 microtype config. file: AMS symbols (a) (RS)
)
LaTeX Font Info:    Try loading font information for U+msb on input line 72.

(/usr/share/texlive/texmf-dist/tex/latex/amsfonts/umsb.fd
File: umsb.fd 2013/01/14 v3.01 AMS symbols B
)
(/usr/share/texlive/texmf-dist/tex/latex/microtype/mt-msb.cfg
File: mt-msb.cfg 2005/06/01 v1.0 microtype config. file: AMS symbols (b) (RS)
)
LaTeX Font Info:    Font shape `T1/ptm/bx/n' in size <10> not available
(Font)              Font shape `T1/ptm/b/n' tried instead on input line 72.
LaTeX Font Info:    Try loading font information for T1+cmtt on input line 72.

(/usr/share/texlive/texmf-dist/tex/latex/base/t1cmtt.fd
File: t1cmtt.fd 2014/09/29 v2.5h Standard LaTeX font definitions
)
Package microtype Info: Loading generic settings for font family
(microtype)             `cmtt' (encoding: T1).
(microtype)             For optimal results, create family-specific settings.
(microtype)             See the microtype manual for details.
LaTeX Font Info:    Font shape `T1/ptm/bx/n' in size <12> not available
(Font)              Font shape `T1/ptm/b/n' tried instead on input line 73.

<"/home/rajat/Documents/MS/Spring 2018/CSE 576/final_project/cse576-final-proje
ct/final_report/images/"Screenshot.png, id=58, 1100.11pt x 538.01pt>
File: "/home/rajat/Documents/MS/Spring 2018/CSE 576/final_project/cse576-final-
project/final_report/images/"Screenshot.png Graphic file (type png)

<use "/home/rajat/Documents/MS/Spring 2018/CSE 576/final_project/cse576-final-p
roject/final_report/images/"Screenshot.png>
Package pdftex.def Info: "/home/rajat/Documents/MS/Spring 2018/CSE 576/final_pr
oject/cse576-final-project/final_report/images/"Screenshot.png used on input li
ne 87.
(pdftex.def)             Requested size: 188.80779pt x 92.33067pt.
LaTeX Font Info:    Font shape `T1/ptm/bx/n' in size <9> not available
(Font)              Font shape `T1/ptm/b/n' tried instead on input line 88.

<"/home/rajat/Documents/MS/Spring 2018/CSE 576/final_project/cse576-final-proje
ct/final_report/images/"leeco.png, id=60, 450.68375pt x 904.37875pt>
File: "/home/rajat/Documents/MS/Spring 2018/CSE 576/final_project/cse576-final-
project/final_report/images/"leeco.png Graphic file (type png)

<use "/home/rajat/Documents/MS/Spring 2018/CSE 576/final_project/cse576-final-p
roject/final_report/images/"leeco.png>
Package pdftex.def Info: "/home/rajat/Documents/MS/Spring 2018/CSE 576/final_pr
oject/cse576-final-project/final_report/images/"leeco.png used on input line 92
.
(pdftex.def)             Requested size: 37.76097pt x 75.7741pt.
 [1


{/var/lib/texmf/fonts/map/pdftex/updmap/pdftex.map} </home/rajat/Documents/MS/S
pring 2018/CSE 576/final_project/cse576-final-project/final_report/images/Scree
nshot.png> </home/rajat/Documents/MS/Spring 2018/CSE 576/final_project/cse576-f
inal-project/final_report/images/leeco.png>]
<"/home/rajat/Documents/MS/Spring 2018/CSE 576/final_project/cse576-final-proje
ct/final_report/images/"pipeline.png, id=87, 1374.13374pt x 199.74625pt>
File: "/home/rajat/Documents/MS/Spring 2018/CSE 576/final_project/cse576-final-
project/final_report/images/"pipeline.png Graphic file (type png)

<use "/home/rajat/Documents/MS/Spring 2018/CSE 576/final_project/cse576-final-p
roject/final_report/images/"pipeline.png>
Package pdftex.def Info: "/home/rajat/Documents/MS/Spring 2018/CSE 576/final_pr
oject/cse576-final-project/final_report/images/"pipeline.png used on input line
 109.
(pdftex.def)             Requested size: 258.36281pt x 37.55595pt.

<"/home/rajat/Documents/MS/Spring 2018/CSE 576/final_project/cse576-final-proje
ct/final_report/images/"Screenshot1.png, id=90, 855.195pt x 500.87125pt>
File: "/home/rajat/Documents/MS/Spring 2018/CSE 576/final_project/cse576-final-
project/final_report/images/"Screenshot1.png Graphic file (type png)

<use "/home/rajat/Documents/MS/Spring 2018/CSE 576/final_project/cse576-final-p
roject/final_report/images/"Screenshot1.png>
Package pdftex.def Info: "/home/rajat/Documents/MS/Spring 2018/CSE 576/final_pr
oject/cse576-final-project/final_report/images/"Screenshot1.png used on input l
ine 114.
(pdftex.def)             Requested size: 129.1814pt x 75.65479pt.
LaTeX Font Info:    Try loading font information for OMS+ptm on input line 127.


(/usr/share/texlive/texmf-dist/tex/latex/psnfss/omsptm.fd
File: omsptm.fd 
)
LaTeX Font Info:    Font shape `OMS/ptm/m/n' in size <10> not available
(Font)              Font shape `OMS/cmsy/m/n' tried instead on input line 127.
 [2 </home/rajat/Documents/MS/Spring 2018/CSE 576/final_project/cse576-final-pr
oject/final_report/images/pipeline.png> </home/rajat/Documents/MS/Spring 2018/C
SE 576/final_project/cse576-final-project/final_report/images/Screenshot1.png>]

<"/home/rajat/Documents/MS/Spring 2018/CSE 576/final_project/cse576-final-proje
ct/final_report/images/"depthwise.png, id=106, 269.005pt x 161.60374pt>
File: "/home/rajat/Documents/MS/Spring 2018/CSE 576/final_project/cse576-final-
project/final_report/images/"depthwise.png Graphic file (type png)

<use "/home/rajat/Documents/MS/Spring 2018/CSE 576/final_project/cse576-final-p
roject/final_report/images/"depthwise.png>
Package pdftex.def Info: "/home/rajat/Documents/MS/Spring 2018/CSE 576/final_pr
oject/cse576-final-project/final_report/images/"depthwise.png used on input lin
e 161.
(pdftex.def)             Requested size: 188.80779pt x 113.42514pt.

<"/home/rajat/Documents/MS/Spring 2018/CSE 576/final_project/cse576-final-proje
ct/final_report/images/"mobilenet.png, id=107, 337.26pt x 385.44pt>
File: "/home/rajat/Documents/MS/Spring 2018/CSE 576/final_project/cse576-final-
project/final_report/images/"mobilenet.png Graphic file (type png)

<use "/home/rajat/Documents/MS/Spring 2018/CSE 576/final_project/cse576-final-p
roject/final_report/images/"mobilenet.png>
Package pdftex.def Info: "/home/rajat/Documents/MS/Spring 2018/CSE 576/final_pr
oject/cse576-final-project/final_report/images/"mobilenet.png used on input lin
e 165.
(pdftex.def)             Requested size: 141.60583pt x 161.83664pt.

Underfull \vbox (badness 10000) has occurred while \output is active []

 [3]
<"/home/rajat/Documents/MS/Spring 2018/CSE 576/final_project/cse576-final-proje
ct/final_report/images/"ssd.png, id=118, 857.2025pt x 333.245pt>
File: "/home/rajat/Documents/MS/Spring 2018/CSE 576/final_project/cse576-final-
project/final_report/images/"ssd.png Graphic file (type png)

<use "/home/rajat/Documents/MS/Spring 2018/CSE 576/final_project/cse576-final-p
roject/final_report/images/"ssd.png>
Package pdftex.def Info: "/home/rajat/Documents/MS/Spring 2018/CSE 576/final_pr
oject/cse576-final-project/final_report/images/"ssd.png used on input line 173.

(pdftex.def)             Requested size: 397.48499pt x 154.5251pt.

<"/home/rajat/Documents/MS/Spring 2018/CSE 576/final_project/cse576-final-proje
ct/final_report/images/"000003.png, id=120, 1246.6575pt x 376.40625pt>
File: "/home/rajat/Documents/MS/Spring 2018/CSE 576/final_project/cse576-final-
project/final_report/images/"000003.png Graphic file (type png)

<use "/home/rajat/Documents/MS/Spring 2018/CSE 576/final_project/cse576-final-p
roject/final_report/images/"000003.png>
Package pdftex.def Info: "/home/rajat/Documents/MS/Spring 2018/CSE 576/final_pr
oject/cse576-final-project/final_report/images/"000003.png used on input line 1
89.
(pdftex.def)             Requested size: 188.80779pt x 57.00412pt.

<"/home/rajat/Documents/MS/Spring 2018/CSE 576/final_project/cse576-final-proje
ct/final_report/images/"000004.png, id=121, 1246.6575pt x 376.40625pt>
File: "/home/rajat/Documents/MS/Spring 2018/CSE 576/final_project/cse576-final-
project/final_report/images/"000004.png Graphic file (type png)

<use "/home/rajat/Documents/MS/Spring 2018/CSE 576/final_project/cse576-final-p
roject/final_report/images/"000004.png>
Package pdftex.def Info: "/home/rajat/Documents/MS/Spring 2018/CSE 576/final_pr
oject/cse576-final-project/final_report/images/"000004.png used on input line 1
92.
(pdftex.def)             Requested size: 188.80779pt x 57.00412pt.

<"/home/rajat/Documents/MS/Spring 2018/CSE 576/final_project/cse576-final-proje
ct/final_report/images/"000005.png, id=122, 1246.6575pt x 376.40625pt>
File: "/home/rajat/Documents/MS/Spring 2018/CSE 576/final_project/cse576-final-
project/final_report/images/"000005.png Graphic file (type png)

<use "/home/rajat/Documents/MS/Spring 2018/CSE 576/final_project/cse576-final-p
roject/final_report/images/"000005.png>
Package pdftex.def Info: "/home/rajat/Documents/MS/Spring 2018/CSE 576/final_pr
oject/cse576-final-project/final_report/images/"000005.png used on input line 1
96.
(pdftex.def)             Requested size: 188.80779pt x 57.00412pt.

<"/home/rajat/Documents/MS/Spring 2018/CSE 576/final_project/cse576-final-proje
ct/final_report/images/"000006.png, id=123, 1242.6425pt x 375.4025pt>
File: "/home/rajat/Documents/MS/Spring 2018/CSE 576/final_project/cse576-final-
project/final_report/images/"000006.png Graphic file (type png)

<use "/home/rajat/Documents/MS/Spring 2018/CSE 576/final_project/cse576-final-p
roject/final_report/images/"000006.png>
Package pdftex.def Info: "/home/rajat/Documents/MS/Spring 2018/CSE 576/final_pr
oject/cse576-final-project/final_report/images/"000006.png used on input line 1
99.
(pdftex.def)             Requested size: 188.80779pt x 57.03542pt.

Underfull \hbox (badness 10000) in paragraph at lines 206--207
\T1/ptm/m/n/10 (+20) We fine-tune the Mo-bileNet SSD Model pre-trained for the 
coco dataset (called
 []


Underfull \hbox (badness 1062) in paragraph at lines 206--207
\T1/cmtt/m/n/10 ssd_mobilenet_v1_coco \T1/ptm/m/n/10 (+20) and down-loaded from
 Ten-sor-flow de-tec-tion model zoo). Hor-i-
 []

[4 </home/rajat/Documents/MS/Spring 2018/CSE 576/final_project/cse576-final-pro
ject/final_report/images/depthwise.png> </home/rajat/Documents/MS/Spring 2018/C
SE 576/final_project/cse576-final-project/final_report/images/mobilenet.png> </
home/rajat/Documents/MS/Spring 2018/CSE 576/final_project/cse576-final-project/
final_report/images/ssd.png> </home/rajat/Documents/MS/Spring 2018/CSE 576/fina
l_project/cse576-final-project/final_report/images/000003.png (PNG copy)> </hom
e/rajat/Documents/MS/Spring 2018/CSE 576/final_project/cse576-final-project/fin
al_report/images/000004.png (PNG copy)> </home/rajat/Documents/MS/Spring 2018/C
SE 576/final_project/cse576-final-project/final_report/images/000005.png (PNG c
opy)> </home/rajat/Documents/MS/Spring 2018/CSE 576/final_project/cse576-final-
project/final_report/images/000006.png (PNG copy)>]
LaTeX Font Info:    Font shape `T1/ptm/bx/it' in size <10> not available
(Font)              Font shape `T1/ptm/b/it' tried instead on input line 212.
 [5]
<"/home/rajat/Documents/MS/Spring 2018/CSE 576/final_project/cse576-final-proje
ct/final_report/images/"loss.png, id=150, 433.62pt x 289.08pt>
File: "/home/rajat/Documents/MS/Spring 2018/CSE 576/final_project/cse576-final-
project/final_report/images/"loss.png Graphic file (type png)

<use "/home/rajat/Documents/MS/Spring 2018/CSE 576/final_project/cse576-final-p
roject/final_report/images/"loss.png>
Package pdftex.def Info: "/home/rajat/Documents/MS/Spring 2018/CSE 576/final_pr
oject/cse576-final-project/final_report/images/"loss.png used on input line 261
.
(pdftex.def)             Requested size: 227.62204pt x 151.74721pt.


Package caption Warning: The caption type was already set to `table'
(caption)                 on input line 262.
See the caption package documentation for explanation.


Overfull \hbox (9.00409pt too wide) in paragraph at lines 261--262
 [][] 
 []


Overfull \hbox (95.52322pt too wide) in paragraph at lines 267--277
 [][] 
 []


<"/home/rajat/Documents/MS/Spring 2018/CSE 576/final_project/cse576-final-proje
ct/final_report/images/"val_1.png, id=151, 715.67375pt x 238.8925pt>
File: "/home/rajat/Documents/MS/Spring 2018/CSE 576/final_project/cse576-final-
project/final_report/images/"val_1.png Graphic file (type png)

<use "/home/rajat/Documents/MS/Spring 2018/CSE 576/final_project/cse576-final-p
roject/final_report/images/"val_1.png>
Package pdftex.def Info: "/home/rajat/Documents/MS/Spring 2018/CSE 576/final_pr
oject/cse576-final-project/final_report/images/"val_1.png used on input line 28
8.
(pdftex.def)             Requested size: 178.86702pt x 59.70474pt.

<"/home/rajat/Documents/MS/Spring 2018/CSE 576/final_project/cse576-final-proje
ct/final_report/images/"val_2.png, id=152, 715.67375pt x 237.88875pt>
File: "/home/rajat/Documents/MS/Spring 2018/CSE 576/final_project/cse576-final-
project/final_report/images/"val_2.png Graphic file (type png)

<use "/home/rajat/Documents/MS/Spring 2018/CSE 576/final_project/cse576-final-p
roject/final_report/images/"val_2.png>
Package pdftex.def Info: "/home/rajat/Documents/MS/Spring 2018/CSE 576/final_pr
oject/cse576-final-project/final_report/images/"val_2.png used on input line 29
2.
(pdftex.def)             Requested size: 178.86702pt x 59.45389pt.

<"/home/rajat/Documents/MS/Spring 2018/CSE 576/final_project/cse576-final-proje
ct/final_report/images/"val_3.png, id=153, 715.67375pt x 237.88875pt>
File: "/home/rajat/Documents/MS/Spring 2018/CSE 576/final_project/cse576-final-
project/final_report/images/"val_3.png Graphic file (type png)

<use "/home/rajat/Documents/MS/Spring 2018/CSE 576/final_project/cse576-final-p
roject/final_report/images/"val_3.png>
Package pdftex.def Info: "/home/rajat/Documents/MS/Spring 2018/CSE 576/final_pr
oject/cse576-final-project/final_report/images/"val_3.png used on input line 29
7.
(pdftex.def)             Requested size: 178.86702pt x 59.45389pt.

<"/home/rajat/Documents/MS/Spring 2018/CSE 576/final_project/cse576-final-proje
ct/final_report/images/"val_4.png, id=154, 715.67375pt x 237.88875pt>
File: "/home/rajat/Documents/MS/Spring 2018/CSE 576/final_project/cse576-final-
project/final_report/images/"val_4.png Graphic file (type png)

<use "/home/rajat/Documents/MS/Spring 2018/CSE 576/final_project/cse576-final-p
roject/final_report/images/"val_4.png>
Package pdftex.def Info: "/home/rajat/Documents/MS/Spring 2018/CSE 576/final_pr
oject/cse576-final-project/final_report/images/"val_4.png used on input line 30
1.
(pdftex.def)             Requested size: 178.86702pt x 59.45389pt.

Underfull \vbox (badness 4048) has occurred while \output is active []

 [6 </home/rajat/Documents/MS/Spring 2018/CSE 576/final_project/cse576-final-pr
oject/final_report/images/loss.png>]
<"/home/rajat/Documents/MS/Spring 2018/CSE 576/final_project/cse576-final-proje
ct/final_report/images/"results/result_0.png, id=163, 722.7pt x 1284.8pt>
File: "/home/rajat/Documents/MS/Spring 2018/CSE 576/final_project/cse576-final-
project/final_report/images/"results/result_0.png Graphic file (type png)

<use "/home/rajat/Documents/MS/Spring 2018/CSE 576/final_project/cse576-final-p
roject/final_report/images/"results/result_0.png>
Package pdftex.def Info: "/home/rajat/Documents/MS/Spring 2018/CSE 576/final_pr
oject/cse576-final-project/final_report/images/"results/result_0.png used on in
put line 314.
(pdftex.def)             Requested size: 59.62032pt x 105.98161pt.

<"/home/rajat/Documents/MS/Spring 2018/CSE 576/final_project/cse576-final-proje
ct/final_report/images/"results/result_40.png, id=164, 722.7pt x 1284.8pt>
File: "/home/rajat/Documents/MS/Spring 2018/CSE 576/final_project/cse576-final-
project/final_report/images/"results/result_40.png Graphic file (type png)

<use "/home/rajat/Documents/MS/Spring 2018/CSE 576/final_project/cse576-final-p
roject/final_report/images/"results/result_40.png>
Package pdftex.def Info: "/home/rajat/Documents/MS/Spring 2018/CSE 576/final_pr
oject/cse576-final-project/final_report/images/"results/result_40.png used on i
nput line 318.
(pdftex.def)             Requested size: 59.62032pt x 105.98161pt.

<"/home/rajat/Documents/MS/Spring 2018/CSE 576/final_project/cse576-final-proje
ct/final_report/images/"results/result_80.png, id=165, 722.7pt x 1284.8pt>
File: "/home/rajat/Documents/MS/Spring 2018/CSE 576/final_project/cse576-final-
project/final_report/images/"results/result_80.png Graphic file (type png)

<use "/home/rajat/Documents/MS/Spring 2018/CSE 576/final_project/cse576-final-p
roject/final_report/images/"results/result_80.png>
Package pdftex.def Info: "/home/rajat/Documents/MS/Spring 2018/CSE 576/final_pr
oject/cse576-final-project/final_report/images/"results/result_80.png used on i
nput line 322.
(pdftex.def)             Requested size: 59.62032pt x 105.98161pt.

<"/home/rajat/Documents/MS/Spring 2018/CSE 576/final_project/cse576-final-proje
ct/final_report/images/"results/result_120.png, id=166, 722.7pt x 1284.8pt>
File: "/home/rajat/Documents/MS/Spring 2018/CSE 576/final_project/cse576-final-
project/final_report/images/"results/result_120.png Graphic file (type png)

<use "/home/rajat/Documents/MS/Spring 2018/CSE 576/final_project/cse576-final-p
roject/final_report/images/"results/result_120.png>
Package pdftex.def Info: "/home/rajat/Documents/MS/Spring 2018/CSE 576/final_pr
oject/cse576-final-project/final_report/images/"results/result_120.png used on 
input line 326.
(pdftex.def)             Requested size: 59.62032pt x 105.98161pt.

<"/home/rajat/Documents/MS/Spring 2018/CSE 576/final_project/cse576-final-proje
ct/final_report/images/"results/result_160.png, id=167, 722.7pt x 1284.8pt>
File: "/home/rajat/Documents/MS/Spring 2018/CSE 576/final_project/cse576-final-
project/final_report/images/"results/result_160.png Graphic file (type png)

<use "/home/rajat/Documents/MS/Spring 2018/CSE 576/final_project/cse576-final-p
roject/final_report/images/"results/result_160.png>
Package pdftex.def Info: "/home/rajat/Documents/MS/Spring 2018/CSE 576/final_pr
oject/cse576-final-project/final_report/images/"results/result_160.png used on 
input line 330.
(pdftex.def)             Requested size: 59.62032pt x 105.98161pt.

<"/home/rajat/Documents/MS/Spring 2018/CSE 576/final_project/cse576-final-proje
ct/final_report/images/"results/result_200.png, id=168, 722.7pt x 1284.8pt>
File: "/home/rajat/Documents/MS/Spring 2018/CSE 576/final_project/cse576-final-
project/final_report/images/"results/result_200.png Graphic file (type png)

<use "/home/rajat/Documents/MS/Spring 2018/CSE 576/final_project/cse576-final-p
roject/final_report/images/"results/result_200.png>
Package pdftex.def Info: "/home/rajat/Documents/MS/Spring 2018/CSE 576/final_pr
oject/cse576-final-project/final_report/images/"results/result_200.png used on 
input line 334.
(pdftex.def)             Requested size: 59.62032pt x 105.98161pt.

<"/home/rajat/Documents/MS/Spring 2018/CSE 576/final_project/cse576-final-proje
ct/final_report/images/"results/result_5320.png, id=169, 722.7pt x 1284.8pt>
File: "/home/rajat/Documents/MS/Spring 2018/CSE 576/final_project/cse576-final-
project/final_report/images/"results/result_5320.png Graphic file (type png)

<use "/home/rajat/Documents/MS/Spring 2018/CSE 576/final_project/cse576-final-p
roject/final_report/images/"results/result_5320.png>
Package pdftex.def Info: "/home/rajat/Documents/MS/Spring 2018/CSE 576/final_pr
oject/cse576-final-project/final_report/images/"results/result_5320.png used on
 input line 339.
(pdftex.def)             Requested size: 59.62032pt x 105.98161pt.

<"/home/rajat/Documents/MS/Spring 2018/CSE 576/final_project/cse576-final-proje
ct/final_report/images/"results/result_5360.png, id=170, 722.7pt x 1284.8pt>
File: "/home/rajat/Documents/MS/Spring 2018/CSE 576/final_project/cse576-final-
project/final_report/images/"results/result_5360.png Graphic file (type png)

<use "/home/rajat/Documents/MS/Spring 2018/CSE 576/final_project/cse576-final-p
roject/final_report/images/"results/result_5360.png>
Package pdftex.def Info: "/home/rajat/Documents/MS/Spring 2018/CSE 576/final_pr
oject/cse576-final-project/final_report/images/"results/result_5360.png used on
 input line 343.
(pdftex.def)             Requested size: 59.62032pt x 105.98161pt.

<"/home/rajat/Documents/MS/Spring 2018/CSE 576/final_project/cse576-final-proje
ct/final_report/images/"results/result_5400.png, id=171, 722.7pt x 1284.8pt>
File: "/home/rajat/Documents/MS/Spring 2018/CSE 576/final_project/cse576-final-
project/final_report/images/"results/result_5400.png Graphic file (type png)

<use "/home/rajat/Documents/MS/Spring 2018/CSE 576/final_project/cse576-final-p
roject/final_report/images/"results/result_5400.png>
Package pdftex.def Info: "/home/rajat/Documents/MS/Spring 2018/CSE 576/final_pr
oject/cse576-final-project/final_report/images/"results/result_5400.png used on
 input line 347.
(pdftex.def)             Requested size: 59.62032pt x 105.98161pt.

<"/home/rajat/Documents/MS/Spring 2018/CSE 576/final_project/cse576-final-proje
ct/final_report/images/"results/result_5440.png, id=172, 722.7pt x 1284.8pt>
File: "/home/rajat/Documents/MS/Spring 2018/CSE 576/final_project/cse576-final-
project/final_report/images/"results/result_5440.png Graphic file (type png)

<use "/home/rajat/Documents/MS/Spring 2018/CSE 576/final_project/cse576-final-p
roject/final_report/images/"results/result_5440.png>
Package pdftex.def Info: "/home/rajat/Documents/MS/Spring 2018/CSE 576/final_pr
oject/cse576-final-project/final_report/images/"results/result_5440.png used on
 input line 351.
(pdftex.def)             Requested size: 59.62032pt x 105.98161pt.

<"/home/rajat/Documents/MS/Spring 2018/CSE 576/final_project/cse576-final-proje
ct/final_report/images/"results/result_5480.png, id=173, 722.7pt x 1284.8pt>
File: "/home/rajat/Documents/MS/Spring 2018/CSE 576/final_project/cse576-final-
project/final_report/images/"results/result_5480.png Graphic file (type png)

<use "/home/rajat/Documents/MS/Spring 2018/CSE 576/final_project/cse576-final-p
roject/final_report/images/"results/result_5480.png>
Package pdftex.def Info: "/home/rajat/Documents/MS/Spring 2018/CSE 576/final_pr
oject/cse576-final-project/final_report/images/"results/result_5480.png used on
 input line 355.
(pdftex.def)             Requested size: 59.62032pt x 105.98161pt.

<"/home/rajat/Documents/MS/Spring 2018/CSE 576/final_project/cse576-final-proje
ct/final_report/images/"results/result_5520.png, id=174, 722.7pt x 1284.8pt>
File: "/home/rajat/Documents/MS/Spring 2018/CSE 576/final_project/cse576-final-
project/final_report/images/"results/result_5520.png Graphic file (type png)

<use "/home/rajat/Documents/MS/Spring 2018/CSE 576/final_project/cse576-final-p
roject/final_report/images/"results/result_5520.png>
Package pdftex.def Info: "/home/rajat/Documents/MS/Spring 2018/CSE 576/final_pr
oject/cse576-final-project/final_report/images/"results/result_5520.png used on
 input line 359.
(pdftex.def)             Requested size: 59.62032pt x 105.98161pt.

<"/home/rajat/Documents/MS/Spring 2018/CSE 576/final_project/cse576-final-proje
ct/final_report/images/"results/result_5680.png, id=175, 722.7pt x 1284.8pt>
File: "/home/rajat/Documents/MS/Spring 2018/CSE 576/final_project/cse576-final-
project/final_report/images/"results/result_5680.png Graphic file (type png)

<use "/home/rajat/Documents/MS/Spring 2018/CSE 576/final_project/cse576-final-p
roject/final_report/images/"results/result_5680.png>
Package pdftex.def Info: "/home/rajat/Documents/MS/Spring 2018/CSE 576/final_pr
oject/cse576-final-project/final_report/images/"results/result_5680.png used on
 input line 369.
(pdftex.def)             Requested size: 59.62032pt x 105.98161pt.

<"/home/rajat/Documents/MS/Spring 2018/CSE 576/final_project/cse576-final-proje
ct/final_report/images/"results/result_5720.png, id=176, 722.7pt x 1284.8pt>
File: "/home/rajat/Documents/MS/Spring 2018/CSE 576/final_project/cse576-final-
project/final_report/images/"results/result_5720.png Graphic file (type png)

<use "/home/rajat/Documents/MS/Spring 2018/CSE 576/final_project/cse576-final-p
roject/final_report/images/"results/result_5720.png>
Package pdftex.def Info: "/home/rajat/Documents/MS/Spring 2018/CSE 576/final_pr
oject/cse576-final-project/final_report/images/"results/result_5720.png used on
 input line 373.
(pdftex.def)             Requested size: 59.62032pt x 105.98161pt.

<"/home/rajat/Documents/MS/Spring 2018/CSE 576/final_project/cse576-final-proje
ct/final_report/images/"results/result_5760.png, id=177, 722.7pt x 1284.8pt>
File: "/home/rajat/Documents/MS/Spring 2018/CSE 576/final_project/cse576-final-
project/final_report/images/"results/result_5760.png Graphic file (type png)

<use "/home/rajat/Documents/MS/Spring 2018/CSE 576/final_project/cse576-final-p
roject/final_report/images/"results/result_5760.png>
Package pdftex.def Info: "/home/rajat/Documents/MS/Spring 2018/CSE 576/final_pr
oject/cse576-final-project/final_report/images/"results/result_5760.png used on
 input line 377.
(pdftex.def)             Requested size: 59.62032pt x 105.98161pt.

<"/home/rajat/Documents/MS/Spring 2018/CSE 576/final_project/cse576-final-proje
ct/final_report/images/"results/result_5800.png, id=178, 722.7pt x 1284.8pt>
File: "/home/rajat/Documents/MS/Spring 2018/CSE 576/final_project/cse576-final-
project/final_report/images/"results/result_5800.png Graphic file (type png)

<use "/home/rajat/Documents/MS/Spring 2018/CSE 576/final_project/cse576-final-p
roject/final_report/images/"results/result_5800.png>
Package pdftex.def Info: "/home/rajat/Documents/MS/Spring 2018/CSE 576/final_pr
oject/cse576-final-project/final_report/images/"results/result_5800.png used on
 input line 381.
(pdftex.def)             Requested size: 59.62032pt x 105.98161pt.

<"/home/rajat/Documents/MS/Spring 2018/CSE 576/final_project/cse576-final-proje
ct/final_report/images/"results/result_5840.png, id=179, 722.7pt x 1284.8pt>
File: "/home/rajat/Documents/MS/Spring 2018/CSE 576/final_project/cse576-final-
project/final_report/images/"results/result_5840.png Graphic file (type png)

<use "/home/rajat/Documents/MS/Spring 2018/CSE 576/final_project/cse576-final-p
roject/final_report/images/"results/result_5840.png>
Package pdftex.def Info: "/home/rajat/Documents/MS/Spring 2018/CSE 576/final_pr
oject/cse576-final-project/final_report/images/"results/result_5840.png used on
 input line 385.
(pdftex.def)             Requested size: 59.62032pt x 105.98161pt.

<"/home/rajat/Documents/MS/Spring 2018/CSE 576/final_project/cse576-final-proje
ct/final_report/images/"results/result_5880.png, id=180, 722.7pt x 1284.8pt>
File: "/home/rajat/Documents/MS/Spring 2018/CSE 576/final_project/cse576-final-
project/final_report/images/"results/result_5880.png Graphic file (type png)

<use "/home/rajat/Documents/MS/Spring 2018/CSE 576/final_project/cse576-final-p
roject/final_report/images/"results/result_5880.png>
Package pdftex.def Info: "/home/rajat/Documents/MS/Spring 2018/CSE 576/final_pr
oject/cse576-final-project/final_report/images/"results/result_5880.png used on
 input line 389.
(pdftex.def)             Requested size: 59.62032pt x 105.98161pt.

<"/home/rajat/Documents/MS/Spring 2018/CSE 576/final_project/cse576-final-proje
ct/final_report/images/"results/result_10200.png, id=181, 722.7pt x 1284.8pt>
File: "/home/rajat/Documents/MS/Spring 2018/CSE 576/final_project/cse576-final-
project/final_report/images/"results/result_10200.png Graphic file (type png)

<use "/home/rajat/Documents/MS/Spring 2018/CSE 576/final_project/cse576-final-p
roject/final_report/images/"results/result_10200.png>
Package pdftex.def Info: "/home/rajat/Documents/MS/Spring 2018/CSE 576/final_pr
oject/cse576-final-project/final_report/images/"results/result_10200.png used o
n input line 393.
(pdftex.def)             Requested size: 59.62032pt x 105.98161pt.

<"/home/rajat/Documents/MS/Spring 2018/CSE 576/final_project/cse576-final-proje
ct/final_report/images/"results/result_10240.png, id=182, 722.7pt x 1284.8pt>
File: "/home/rajat/Documents/MS/Spring 2018/CSE 576/final_project/cse576-final-
project/final_report/images/"results/result_10240.png Graphic file (type png)

<use "/home/rajat/Documents/MS/Spring 2018/CSE 576/final_project/cse576-final-p
roject/final_report/images/"results/result_10240.png>
Package pdftex.def Info: "/home/rajat/Documents/MS/Spring 2018/CSE 576/final_pr
oject/cse576-final-project/final_report/images/"results/result_10240.png used o
n input line 397.
(pdftex.def)             Requested size: 59.62032pt x 105.98161pt.

<"/home/rajat/Documents/MS/Spring 2018/CSE 576/final_project/cse576-final-proje
ct/final_report/images/"results/result_10280.png, id=183, 722.7pt x 1284.8pt>
File: "/home/rajat/Documents/MS/Spring 2018/CSE 576/final_project/cse576-final-
project/final_report/images/"results/result_10280.png Graphic file (type png)

<use "/home/rajat/Documents/MS/Spring 2018/CSE 576/final_project/cse576-final-p
roject/final_report/images/"results/result_10280.png>
Package pdftex.def Info: "/home/rajat/Documents/MS/Spring 2018/CSE 576/final_pr
oject/cse576-final-project/final_report/images/"results/result_10280.png used o
n input line 401.
(pdftex.def)             Requested size: 59.62032pt x 105.98161pt.

<"/home/rajat/Documents/MS/Spring 2018/CSE 576/final_project/cse576-final-proje
ct/final_report/images/"results/result_10320.png, id=184, 722.7pt x 1284.8pt>
File: "/home/rajat/Documents/MS/Spring 2018/CSE 576/final_project/cse576-final-
project/final_report/images/"results/result_10320.png Graphic file (type png)

<use "/home/rajat/Documents/MS/Spring 2018/CSE 576/final_project/cse576-final-p
roject/final_report/images/"results/result_10320.png>
Package pdftex.def Info: "/home/rajat/Documents/MS/Spring 2018/CSE 576/final_pr
oject/cse576-final-project/final_report/images/"results/result_10320.png used o
n input line 405.
(pdftex.def)             Requested size: 59.62032pt x 105.98161pt.

<"/home/rajat/Documents/MS/Spring 2018/CSE 576/final_project/cse576-final-proje
ct/final_report/images/"results/result_10360.png, id=185, 722.7pt x 1284.8pt>
File: "/home/rajat/Documents/MS/Spring 2018/CSE 576/final_project/cse576-final-
project/final_report/images/"results/result_10360.png Graphic file (type png)

<use "/home/rajat/Documents/MS/Spring 2018/CSE 576/final_project/cse576-final-p
roject/final_report/images/"results/result_10360.png>
Package pdftex.def Info: "/home/rajat/Documents/MS/Spring 2018/CSE 576/final_pr
oject/cse576-final-project/final_report/images/"results/result_10360.png used o
n input line 409.
(pdftex.def)             Requested size: 59.62032pt x 105.98161pt.

<"/home/rajat/Documents/MS/Spring 2018/CSE 576/final_project/cse576-final-proje
ct/final_report/images/"results/result_10400.png, id=186, 722.7pt x 1284.8pt>
File: "/home/rajat/Documents/MS/Spring 2018/CSE 576/final_project/cse576-final-
project/final_report/images/"results/result_10400.png Graphic file (type png)

<use "/home/rajat/Documents/MS/Spring 2018/CSE 576/final_project/cse576-final-p
roject/final_report/images/"results/result_10400.png>
Package pdftex.def Info: "/home/rajat/Documents/MS/Spring 2018/CSE 576/final_pr
oject/cse576-final-project/final_report/images/"results/result_10400.png used o
n input line 413.
(pdftex.def)             Requested size: 59.62032pt x 105.98161pt.

Underfull \vbox (badness 10000) has occurred while \output is active []

 [7 </home/rajat/Documents/MS/Spring 2018/CSE 576/final_project/cse576-final-pr
oject/final_report/images/val_1.png> </home/rajat/Documents/MS/Spring 2018/CSE 
576/final_project/cse576-final-project/final_report/images/val_2.png> </home/ra
jat/Documents/MS/Spring 2018/CSE 576/final_project/cse576-final-project/final_r
eport/images/val_3.png> </home/rajat/Documents/MS/Spring 2018/CSE 576/final_pro
ject/cse576-final-project/final_report/images/val_4.png> </home/rajat/Documents
/MS/Spring 2018/CSE 576/final_project/cse576-final-project/final_report/images/
results/result_0.png (PNG copy)> </home/rajat/Documents/MS/Spring 2018/CSE 576/
final_project/cse576-final-project/final_report/images/results/result_40.png (P
NG copy)> </home/rajat/Documents/MS/Spring 2018/CSE 576/final_project/cse576-fi
nal-project/final_report/images/results/result_80.png (PNG copy)> </home/rajat/
Documents/MS/Spring 2018/CSE 576/final_project/cse576-final-project/final_repor
t/images/results/result_120.png (PNG copy)> </home/rajat/Documents/MS/Spring 20
18/CSE 576/final_project/cse576-final-project/final_report/images/results/resul
t_160.png (PNG copy)> </home/rajat/Documents/MS/Spring 2018/CSE 576/final_proje
ct/cse576-final-project/final_report/images/results/result_200.png (PNG copy)> 
</home/rajat/Documents/MS/Spring 2018/CSE 576/final_project/cse576-final-projec
t/final_report/images/results/result_5320.png (PNG copy)> </home/rajat/Document
s/MS/Spring 2018/CSE 576/final_project/cse576-final-project/final_report/images
/results/result_5360.png (PNG copy)> </home/rajat/Documents/MS/Spring 2018/CSE 
576/final_project/cse576-final-project/final_report/images/results/result_5400.
png (PNG copy)> </home/rajat/Documents/MS/Spring 2018/CSE 576/final_project/cse
576-final-project/final_report/images/results/result_5440.png (PNG copy)> </hom
e/rajat/Documents/MS/Spring 2018/CSE 576/final_project/cse576-final-project/fin
al_report/images/results/result_5480.png (PNG copy)> </home/rajat/Documents/MS/
Spring 2018/CSE 576/final_project/cse576-final-project/final_report/images/resu
lts/result_5520.png (PNG copy)>]
<"/home/rajat/Documents/MS/Spring 2018/CSE 576/final_project/cse576-final-proje
ct/final_report/images/"performance.png, id=198, 1927.2pt x 1084.05pt>
File: "/home/rajat/Documents/MS/Spring 2018/CSE 576/final_project/cse576-final-
project/final_report/images/"performance.png Graphic file (type png)

<use "/home/rajat/Documents/MS/Spring 2018/CSE 576/final_project/cse576-final-p
roject/final_report/images/"performance.png>
Package pdftex.def Info: "/home/rajat/Documents/MS/Spring 2018/CSE 576/final_pr
oject/cse576-final-project/final_report/images/"performance.png used on input l
ine 421.
(pdftex.def)             Requested size: 298.11374pt x 167.67865pt.
 [8 </home/rajat/Documents/MS/Spring 2018/CSE 576/final_project/cse576-final-pr
oject/final_report/images/results/result_5680.png (PNG copy)> </home/rajat/Docu
ments/MS/Spring 2018/CSE 576/final_project/cse576-final-project/final_report/im
ages/results/result_5720.png (PNG copy)> </home/rajat/Documents/MS/Spring 2018/
CSE 576/final_project/cse576-final-project/final_report/images/results/result_5
760.png (PNG copy)> </home/rajat/Documents/MS/Spring 2018/CSE 576/final_project
/cse576-final-project/final_report/images/results/result_5800.png (PNG copy)> <
/home/rajat/Documents/MS/Spring 2018/CSE 576/final_project/cse576-final-project
/final_report/images/results/result_5840.png (PNG copy)> </home/rajat/Documents
/MS/Spring 2018/CSE 576/final_project/cse576-final-project/final_report/images/
results/result_5880.png (PNG copy)> </home/rajat/Documents/MS/Spring 2018/CSE 5
76/final_project/cse576-final-project/final_report/images/results/result_10200.
png (PNG copy)> </home/rajat/Documents/MS/Spring 2018/CSE 576/final_project/cse
576-final-project/final_report/images/results/result_10240.png (PNG copy)> </ho
me/rajat/Documents/MS/Spring 2018/CSE 576/final_project/cse576-final-project/fi
nal_report/images/results/result_10280.png (PNG copy)> </home/rajat/Documents/M
S/Spring 2018/CSE 576/final_project/cse576-final-project/final_report/images/re
sults/result_10320.png (PNG copy)> </home/rajat/Documents/MS/Spring 2018/CSE 57
6/final_project/cse576-final-project/final_report/images/results/result_10360.p
ng (PNG copy)> </home/rajat/Documents/MS/Spring 2018/CSE 576/final_project/cse5
76-final-project/final_report/images/results/result_10400.png (PNG copy)> </hom
e/rajat/Documents/MS/Spring 2018/CSE 576/final_project/cse576-final-project/fin
al_report/images/performance.png>]
(/home/rajat/Documents/MS/Spring 2018/CSE 576/final_project/cse576-final-projec
t/final_report/rajatc_cv.bbl)
Package atveryend Info: Empty hook `BeforeClearDocument' on input line 439.
 [9]
Package atveryend Info: Empty hook `AfterLastShipout' on input line 439.

(/home/rajat/Documents/MS/Spring 2018/CSE 576/final_project/cse576-final-projec
t/final_report/rajatc_cv.aux)
Package atveryend Info: Executing hook `AtVeryEndDocument' on input line 439.
Package atveryend Info: Executing hook `AtEndAfterFileList' on input line 439.
Package rerunfilecheck Info: File `rajatc_cv.out' has not changed.
(rerunfilecheck)             Checksum: F1D76E308C960556D035E592D549F4AD;835.
Package atveryend Info: Empty hook `AtVeryVeryEnd' on input line 439.
 ) 
Here is how much of TeX's memory you used:
 11284 strings out of 494910
 187049 string characters out of 6179836
 391520 words of memory out of 5000000
 14145 multiletter control sequences out of 15000+600000
 44577 words of font info for 145 fonts, out of 8000000 for 9000
 36 hyphenation exceptions out of 8191
 42i,11n,48p,1608b,531s stack positions out of 5000i,500n,10000p,200000b,80000s
{/usr/share/texlive/texmf-dist/fonts/enc/dvips/base/8r.enc} </home/rajat/.tex
mf-var/fonts/pk/ljfour/jknappen/ec/ectt1000.600pk></usr/share/texlive/texmf-dis
t/fonts/type1/public/amsfonts/cm/cmex10.pfb></usr/share/texlive/texmf-dist/font
s/type1/public/amsfonts/cmextra/cmex7.pfb></usr/share/texlive/texmf-dist/fonts/
type1/public/amsfonts/cm/cmmi10.pfb></usr/share/texlive/texmf-dist/fonts/type1/
public/amsfonts/cm/cmmi5.pfb></usr/share/texlive/texmf-dist/fonts/type1/public/
amsfonts/cm/cmmi7.pfb></usr/share/texlive/texmf-dist/fonts/type1/public/amsfont
s/cm/cmmib10.pfb></usr/share/texlive/texmf-dist/fonts/type1/public/amsfonts/cme
xtra/cmmib7.pfb></usr/share/texlive/texmf-dist/fonts/type1/public/amsfonts/cm/c
mr10.pfb></usr/share/texlive/texmf-dist/fonts/type1/public/amsfonts/cm/cmr5.pfb
></usr/share/texlive/texmf-dist/fonts/type1/public/amsfonts/cm/cmr7.pfb></usr/s
hare/texlive/texmf-dist/fonts/type1/public/amsfonts/cm/cmsy10.pfb></usr/share/t
exlive/texmf-dist/fonts/type1/public/amsfonts/cm/cmsy7.pfb></usr/share/texlive/
texmf-dist/fonts/type1/urw/times/utmb8a.pfb></usr/share/texlive/texmf-dist/font
s/type1/urw/times/utmbi8a.pfb></usr/share/texlive/texmf-dist/fonts/type1/urw/ti
mes/utmr8a.pfb></usr/share/texlive/texmf-dist/fonts/type1/urw/times/utmri8a.pfb
>
Output written on "/home/rajat/Documents/MS/Spring 2018/CSE 576/final_project/c
se576-final-project/final_report/rajatc_cv.pdf" (9 pages, 24212548 bytes).
PDF statistics:
 304 PDF objects out of 1000 (max. 8388607)
 201 compressed objects within 3 object streams
 51 named destinations out of 1000 (max. 500000)
 22326 words of extra memory for PDF output out of 24883 (max. 10000000)

